<?xml version="1.0" encoding="UTF-8"?>
<!-- Generated by org.testng.reporters.JUnitReportReporter -->
<testsuite hostname="ngbach" failures="0" tests="3" name="tests.TC1_VerifyCreateNewRecordAdmin" time="17.467" errors="0" timestamp="2024-10-18T18:01:59 ICT" skipped="0">
  <testcase classname="tests.TC1_VerifyCreateNewRecordAdmin" name="login" time="5.038"/>
  <system-out/>
  <testcase classname="tests.TC1_VerifyCreateNewRecordAdmin" name="navigateToAdmin" time="1.440"/>
  <system-out/>
  <testcase classname="tests.TC1_VerifyCreateNewRecordAdmin" name="verifyAddUserAndCorrectInfor" time="10.989"/>
  <system-out/>
</testsuite> <!-- tests.TC1_VerifyCreateNewRecordAdmin -->
