<?xml version="1.0" encoding="UTF-8"?>
<!-- Generated by org.testng.reporters.JUnitReportReporter -->
<testsuite hostname="ngbach" failures="0" tests="3" name="tests.TC01" time="20.494" errors="0" timestamp="2024-10-16T10:25:16 GMT+07:00" skipped="0">
  <testcase classname="tests.TC01" name="login" time="3.897"/>
  <system-out/>
  <testcase classname="tests.TC01" name="navigateToAdmin" time="2.953"/>
  <system-out/>
  <testcase classname="tests.TC01" name="test" time="13.644"/>
  <system-out/>
</testsuite> <!-- tests.TC01 -->
